May-20 11:32:13.823 [main] DEBUG nextflow.cli.Launcher - $> nextflow run test.nf -dump-channels input_ch -with-conda --resume
May-20 11:32:13.864 [main] INFO  nextflow.cli.CmdRun - N E X T F L O W  ~  version 23.10.1
May-20 11:32:13.872 [main] DEBUG nextflow.plugin.PluginsFacade - Setting up plugin manager > mode=prod; embedded=false; plugins-dir=/Users/bagordo/.nextflow/plugins; core-plugins: nf-amazon@2.1.4,nf-azure@1.3.3,nf-cloudcache@0.3.0,nf-codecommit@0.1.5,nf-console@1.0.6,nf-ga4gh@1.1.0,nf-google@1.8.3,nf-tower@1.6.3,nf-wave@1.0.1
May-20 11:32:13.876 [main] INFO  o.pf4j.DefaultPluginStatusProvider - Enabled plugins: []
May-20 11:32:13.877 [main] INFO  o.pf4j.DefaultPluginStatusProvider - Disabled plugins: []
May-20 11:32:13.878 [main] INFO  org.pf4j.DefaultPluginManager - PF4J version 3.4.1 in 'deployment' mode
May-20 11:32:13.883 [main] INFO  org.pf4j.AbstractPluginManager - No plugins
May-20 11:32:13.892 [main] DEBUG nextflow.config.ConfigBuilder - Found config local: /Users/bagordo/Desktop/all/all_bioinformatics/nf-core-nanorepertoire/data/nextflow.config
May-20 11:32:13.892 [main] DEBUG nextflow.config.ConfigBuilder - Parsing config file: /Users/bagordo/Desktop/all/all_bioinformatics/nf-core-nanorepertoire/data/nextflow.config
May-20 11:32:13.902 [main] DEBUG nextflow.config.ConfigBuilder - Applying config profile: `standard`
May-20 11:32:14.132 [main] DEBUG nextflow.cli.CmdRun - Applied DSL=2 by global default
May-20 11:32:14.141 [main] INFO  nextflow.cli.CmdRun - Launching `test.nf` [determined_darwin] DSL2 - revision: 92fd6d4792
May-20 11:32:14.141 [main] DEBUG nextflow.plugin.PluginsFacade - Plugins default=[]
May-20 11:32:14.141 [main] DEBUG nextflow.plugin.PluginsFacade - Plugins resolved requirement=[nf-tower@1.6.3]
May-20 11:32:14.141 [main] DEBUG nextflow.plugin.PluginUpdater - Installing plugin nf-tower version: 1.6.3
May-20 11:32:14.146 [main] INFO  org.pf4j.AbstractPluginManager - Plugin 'nf-tower@1.6.3' resolved
May-20 11:32:14.146 [main] INFO  org.pf4j.AbstractPluginManager - Start plugin 'nf-tower@1.6.3'
May-20 11:32:14.154 [main] DEBUG nextflow.plugin.BasePlugin - Plugin started nf-tower@1.6.3
May-20 11:32:14.160 [main] DEBUG n.secret.LocalSecretsProvider - Secrets store: /Users/bagordo/.nextflow/secrets/store.json
May-20 11:32:14.161 [main] DEBUG nextflow.secret.SecretsLoader - Discovered secrets providers: [nextflow.secret.LocalSecretsProvider@3204e238] - activable => nextflow.secret.LocalSecretsProvider@3204e238
May-20 11:32:14.191 [main] DEBUG nextflow.Session - Session UUID: f6655f7d-8612-4f90-9161-ffac1455e95f
May-20 11:32:14.191 [main] DEBUG nextflow.Session - Run name: determined_darwin
May-20 11:32:14.191 [main] DEBUG nextflow.Session - Executor pool size: 8
May-20 11:32:14.195 [main] DEBUG nextflow.file.FilePorter - File porter settings maxRetries=3; maxTransfers=50; pollTimeout=null
May-20 11:32:14.197 [main] DEBUG nextflow.util.ThreadPoolBuilder - Creating thread pool 'FileTransfer' minSize=10; maxSize=24; workQueue=LinkedBlockingQueue[10000]; allowCoreThreadTimeout=false
May-20 11:32:14.223 [main] DEBUG nextflow.cli.CmdRun - 
  Version: 23.10.1 build 5891
  Created: 12-01-2024 22:01 UTC (23:01 CEST)
  System: Mac OS X 14.4.1
  Runtime: Groovy 3.0.19 on OpenJDK 64-Bit Server VM 17.0.10+7-LTS
  Encoding: UTF-8 (UTF-8)
  Process: 18000@dbagordo.unipv.it [90.147.110.104]
  CPUs: 8 - Mem: 16 GB (38.6 MB) - Swap: 2 GB (1.7 GB)
May-20 11:32:14.228 [main] DEBUG nextflow.Session - Work-dir: /Users/bagordo/Desktop/all/all_bioinformatics/nf-core-nanorepertoire/data/work [Mac OS X]
May-20 11:32:14.228 [main] DEBUG nextflow.Session - Script base path does not exist or is not a directory: /Users/bagordo/Desktop/all/all_bioinformatics/nf-core-nanorepertoire/data/bin
May-20 11:32:14.234 [main] DEBUG nextflow.executor.ExecutorFactory - Extension executors providers=[]
May-20 11:32:14.240 [main] DEBUG nextflow.Session - Observer factory: DefaultObserverFactory
May-20 11:32:14.241 [main] DEBUG nextflow.Session - Observer factory: TowerFactory
May-20 11:32:14.247 [main] DEBUG nextflow.cache.CacheFactory - Using Nextflow cache factory: nextflow.cache.DefaultCacheFactory
May-20 11:32:14.251 [main] DEBUG nextflow.util.CustomThreadPool - Creating default thread pool > poolSize: 9; maxThreads: 1000
May-20 11:32:14.284 [main] DEBUG nextflow.Session - Session start
May-20 11:32:14.391 [main] DEBUG nextflow.script.ScriptRunner - > Launching execution
May-20 11:32:14.423 [main] DEBUG nextflow.script.ScriptRunner - Parsed script files:
  Script_c8336f5eda9352a9: /Users/bagordo/Desktop/all/all_bioinformatics/nf-core-nanorepertoire/data/test.nf
May-20 11:32:14.423 [main] DEBUG nextflow.Session - Session aborted -- Cause: Can't find a matching module file for include: /Users/bagordo/Desktop/all_bioinformatics/nf-core-nanorepertoire/modules/nf-core/cutadapt/main.nf
May-20 11:32:14.429 [main] DEBUG nextflow.Session - The following nodes are still active:
  [operator] map

May-20 11:32:14.432 [main] ERROR nextflow.cli.Launcher - Can't find a matching module file for include: /Users/bagordo/Desktop/all_bioinformatics/nf-core-nanorepertoire/modules/nf-core/cutadapt/main.nf
java.nio.file.NoSuchFileException: Can't find a matching module file for include: /Users/bagordo/Desktop/all_bioinformatics/nf-core-nanorepertoire/modules/nf-core/cutadapt/main.nf
	at nextflow.script.IncludeDef.realModulePath(IncludeDef.groovy:193)
	at nextflow.script.IncludeDef.load0(IncludeDef.groovy:121)
	at nextflow.script.IncludeDef$load0$1.call(Unknown Source)
	at org.codehaus.groovy.runtime.callsite.CallSiteArray.defaultCall(CallSiteArray.java:47)
	at org.codehaus.groovy.runtime.callsite.AbstractCallSite.call(AbstractCallSite.java:125)
	at org.codehaus.groovy.runtime.callsite.AbstractCallSite.call(AbstractCallSite.java:139)
	at Script_c8336f5eda9352a9.runScript(Script_c8336f5eda9352a9:13)
	at nextflow.script.BaseScript.run0(BaseScript.groovy:144)
	at nextflow.script.BaseScript.run(BaseScript.groovy:192)
	at nextflow.script.ScriptParser.runScript(ScriptParser.groovy:236)
	at nextflow.script.ScriptRunner.run(ScriptRunner.groovy:242)
	at nextflow.script.ScriptRunner.execute(ScriptRunner.groovy:137)
	at nextflow.cli.CmdRun.run(CmdRun.groovy:372)
	at nextflow.cli.Launcher.run(Launcher.groovy:500)
	at nextflow.cli.Launcher.main(Launcher.groovy:672)
